<?xml version="1.0" encoding="UTF-8"?>
<testsuite name="PQR in Store page" tests="1" skipped="0" failures="0" errors="0" timestamp="2022-05-05T15:35:39" hostname="CHMEPPF350ZMK" time="23.461">
  <properties/>
  <testcase name="Make a pqr in store page" classname="PQR in Store page" time="23.461"/>
  <system-out><![CDATA[

?[32m.?[0m













el path es : C:\Users\laguirres\Desktop\reto-DREZZ\store\src\test\resources\files\pqr.jpg
?[32m.?[0m

hello then
?[32m.?[0m
]]></system-out>
  <system-err><![CDATA[[Test worker] INFO net.thucydides.core.steps.ConsoleLoggingListener - 
 _____ _____ ____ _____   ____ _____  _    ____ _____ _____ ____  
|_   _| ____/ ___|_   _| / ___|_   _|/ \  |  _ \_   _| ____|  _ \ 
  | | |  _| \___ \ | |   \___ \ | | / _ \ | |_) || | |  _| | | | |
  | | | |___ ___) || |    ___) || |/ ___ \|  _ < | | | |___| |_| |
  |_| |_____|____/ |_|   |____/ |_/_/   \_\_| \_\|_| |_____|____/ 
                                                                  

TEST STARTED: Make a pqr in store page
-------------------------------------------------------------------(pqr-in-store-page;make-a-pqr-in-store-page)
may 05, 2022 10:35:40 AM org.openqa.selenium.remote.DesiredCapabilities chrome
INFORMACIÓN: Using `new ChromeOptions()` is preferred to `DesiredCapabilities.chrome()`
Starting ChromeDriver 99.0.4844.51 (d537ec02474b5afe23684e7963d538896c63ac77-refs/branch-heads/4844@{#875}) on port 22563
Only local connections are allowed.
Please see https://chromedriver.chromium.org/security-considerations for suggestions on keeping ChromeDriver safe.
ChromeDriver was started successfully.
[1651764943.958][WARNING]: This version of ChromeDriver has not been tested with Chrome version 100.
may 05, 2022 10:35:44 AM org.openqa.selenium.remote.ProtocolHandshake createSession
INFORMACIÓN: Detected dialect: W3C
]]></system-err>
</testsuite>
